\BOOKMARK [1][]{section.1}{1 Introduction}{}
\BOOKMARK [2][]{subsection.1.1}{1.1 Downloading and installing}{section.1}
\BOOKMARK [1][]{section.2}{2 Graphical representation}{}
\BOOKMARK [2][]{subsection.2.1}{2.1 Colors}{section.2}
\BOOKMARK [2][]{subsection.2.2}{2.2 Shapes}{section.2}
\BOOKMARK [2][]{subsection.2.3}{2.3 Edges}{section.2}
\BOOKMARK [1][]{section.3}{3 TVP}{}
\BOOKMARK [2][]{subsection.3.1}{3.1 Predicates}{section.3}
\BOOKMARK [2][]{subsection.3.2}{3.2 Formulae}{section.3}
\BOOKMARK [2][]{subsection.3.3}{3.3 Consistency rules}{section.3}
\BOOKMARK [2][]{subsection.3.4}{3.4 Actions}{section.3}
\BOOKMARK [3][]{subsubsection.3.4.1}{3.4.1 Specifying the title of an action with \045t}{subsection.3.4}
\BOOKMARK [3][]{subsubsection.3.4.2}{3.4.2 Updating predicates}{subsection.3.4}
\BOOKMARK [3][]{subsubsection.3.4.3}{3.4.3 Using preconditions for filtering with \045p}{subsection.3.4}
\BOOKMARK [3][]{subsubsection.3.4.4}{3.4.4 Focusing structures with \045f}{subsection.3.4}
\BOOKMARK [3][]{subsubsection.3.4.5}{3.4.5 Reporting messages with \045message}{subsection.3.4}
\BOOKMARK [3][]{subsubsection.3.4.6}{3.4.6 Creating new nodes with \045new}{subsection.3.4}
\BOOKMARK [3][]{subsubsection.3.4.7}{3.4.7 Retaining nodes with \045retain}{subsection.3.4}
\BOOKMARK [2][]{subsection.3.5}{3.5 Specifying the control flow graph}{section.3}
\BOOKMARK [2][]{subsection.3.6}{3.6 Usability features}{section.3}
\BOOKMARK [3][]{subsubsection.3.6.1}{3.6.1 Writing comments}{subsection.3.6}
\BOOKMARK [3][]{subsubsection.3.6.2}{3.6.2 Preprocessing}{subsection.3.6}
\BOOKMARK [3][]{subsubsection.3.6.3}{3.6.3 Sets}{subsection.3.6}
\BOOKMARK [3][]{subsubsection.3.6.4}{3.6.4 Foreach}{subsection.3.6}
\BOOKMARK [3][]{subsubsection.3.6.5}{3.6.5 Composite operations}{subsection.3.6}
\BOOKMARK [1][]{section.4}{4 TVS}{}
\BOOKMARK [1][]{section.5}{5 Command line options}{}
\BOOKMARK [1][]{section.6}{6 Property files}{}
\BOOKMARK [1][]{section.7}{7 Additional references}{}
\BOOKMARK [1][]{section.7}{References}{}
\BOOKMARK [1][]{appendix.A}{A Changes since version 0.91}{}
